2025-03-21 20:49:23.291 | INFO     | __main__:main:41 - Starting data preparation...
2025-03-21 20:49:23.291 | INFO     | __main__:read_raw_data:26 - Reading raw data from /Users/fikayooladipo/Projects/smart-store-ioo/data/raw/customers_data.csv.
2025-03-21 20:49:23.294 | INFO     | __main__:read_raw_data:26 - Reading raw data from /Users/fikayooladipo/Projects/smart-store-ioo/data/raw/products_data.csv.
2025-03-21 20:49:23.295 | INFO     | __main__:read_raw_data:26 - Reading raw data from /Users/fikayooladipo/Projects/smart-store-ioo/data/raw/sales_data.csv.
2025-03-21 20:49:23.296 | INFO     | __main__:main:45 - Data preparation complete.
2025-03-26 03:12:08.362 | INFO     | __main__:main:227 - ==================================
2025-03-26 03:12:08.362 | INFO     | __main__:main:228 - STARTING prepare_products_data.py
2025-03-26 03:12:08.362 | INFO     | __main__:main:229 - ==================================
2025-03-26 03:12:08.362 | INFO     | __main__:main:231 - Root project folder: /Users/fikayooladipo/Projects/smart-store-ioo
2025-03-26 03:12:08.362 | INFO     | __main__:main:232 - data / raw folder: /Users/fikayooladipo/Projects/smart-store-ioo/data/raw
2025-03-26 03:12:08.362 | INFO     | __main__:main:233 - data / prepared folder: /Users/fikayooladipo/Projects/smart-store-ioo/data/prepared
2025-03-26 03:12:08.362 | INFO     | __main__:read_raw_data:59 - FUNCTION START: read_raw_data with file_name=products_data.csv
2025-03-26 03:12:08.362 | INFO     | __main__:read_raw_data:61 - Reading data from /Users/fikayooladipo/Projects/smart-store-ioo/data/raw/products_data.csv
2025-03-26 03:12:08.368 | INFO     | __main__:read_raw_data:63 - Loaded dataframe with 8 rows and 6 columns
2025-03-26 03:12:08.369 | INFO     | __main__:main:242 - Initial dataframe columns: ProductID, ProductName, Category, UnitPrice, YearAdded, Supplier
2025-03-26 03:12:08.369 | INFO     | __main__:main:243 - Initial dataframe shape: (8, 6)
2025-03-26 03:12:08.370 | INFO     | __main__:main:252 - Cleaned column names: ProductID -> productid, ProductName -> productname, Category -> category, UnitPrice -> unitprice, YearAdded -> yearadded, Supplier -> supplier
2025-03-26 03:12:08.370 | INFO     | __main__:remove_duplicates:96 - FUNCTION START: remove_duplicates with dataframe shape=(8, 6)
2025-03-26 03:12:08.376 | INFO     | __main__:remove_duplicates:106 - Removed 0 duplicate rows
2025-03-26 03:12:08.376 | INFO     | __main__:remove_duplicates:107 - 8 records remaining after removing duplicates.
2025-03-26 03:12:08.376 | INFO     | __main__:handle_missing_values:121 - FUNCTION START: handle_missing_values with dataframe shape=(8, 6)
2025-03-26 03:12:08.377 | INFO     | __main__:handle_missing_values:126 - Missing values by column before handling:
productid      0
productname    0
category       0
unitprice      0
yearadded      0
supplier       0
dtype: int64
2025-03-26 03:12:08.379 | INFO     | __main__:handle_missing_values:140 - Missing values by column after handling:
productid      0
productname    0
category       0
unitprice      0
yearadded      0
supplier       0
dtype: int64
2025-03-26 03:12:08.379 | INFO     | __main__:handle_missing_values:141 - 8 records remaining after handling missing values.
2025-03-26 03:12:08.380 | INFO     | __main__:standardize_formats:188 - FUNCTION START: standardize_formats with dataframe shape=(8, 6)
2025-03-26 03:12:08.380 | INFO     | __main__:standardize_formats:198 - Completed standardizing formats
2025-03-26 03:12:08.380 | INFO     | __main__:remove_outliers:155 - FUNCTION START: remove_outliers with dataframe shape=(8, 6)
2025-03-26 03:12:08.380 | INFO     | __main__:remove_outliers:174 - Removed 0 outlier rows
2025-03-26 03:12:08.380 | INFO     | __main__:remove_outliers:175 - 8 records remaining after removing outliers.
2025-03-26 03:12:08.380 | INFO     | __main__:validate_data:211 - FUNCTION START: validate_data with dataframe shape=(8, 6)
2025-03-26 03:12:08.381 | INFO     | __main__:validate_data:220 - Data validation complete
2025-03-26 03:12:08.381 | INFO     | __main__:save_prepared_data:81 - FUNCTION START: save_prepared_data with file_name=products_data_prepared.csv, dataframe shape=(8, 6)
2025-03-26 03:27:55.522 | INFO     | __main__:main:227 - ==================================
2025-03-26 03:27:55.522 | INFO     | __main__:main:228 - STARTING prepare_products_data.py
2025-03-26 03:27:55.522 | INFO     | __main__:main:229 - ==================================
2025-03-26 03:27:55.523 | INFO     | __main__:main:231 - Root project folder: /Users/fikayooladipo/Projects/smart-store-ioo
2025-03-26 03:27:55.523 | INFO     | __main__:main:232 - data / raw folder: /Users/fikayooladipo/Projects/smart-store-ioo/data/raw
2025-03-26 03:27:55.523 | INFO     | __main__:main:233 - data / prepared folder: /Users/fikayooladipo/Projects/smart-store-ioo/data/prepared
2025-03-26 03:27:55.523 | INFO     | __main__:read_raw_data:59 - FUNCTION START: read_raw_data with file_name=products_data.csv
2025-03-26 03:27:55.523 | INFO     | __main__:read_raw_data:61 - Reading data from /Users/fikayooladipo/Projects/smart-store-ioo/data/raw/products_data.csv
2025-03-26 03:27:55.529 | INFO     | __main__:read_raw_data:63 - Loaded dataframe with 8 rows and 6 columns
2025-03-26 03:27:55.529 | INFO     | __main__:main:242 - Initial dataframe columns: ProductID, ProductName, Category, UnitPrice, YearAdded, Supplier
2025-03-26 03:27:55.529 | INFO     | __main__:main:243 - Initial dataframe shape: (8, 6)
2025-03-26 03:27:55.531 | INFO     | __main__:main:252 - Cleaned column names: ProductID -> productid, ProductName -> productname, Category -> category, UnitPrice -> unitprice, YearAdded -> yearadded, Supplier -> supplier
2025-03-26 03:27:55.531 | INFO     | __main__:remove_duplicates:96 - FUNCTION START: remove_duplicates with dataframe shape=(8, 6)
2025-03-26 03:27:55.537 | INFO     | __main__:remove_duplicates:106 - Removed 0 duplicate rows
2025-03-26 03:27:55.538 | INFO     | __main__:remove_duplicates:107 - 8 records remaining after removing duplicates.
2025-03-26 03:27:55.538 | INFO     | __main__:handle_missing_values:121 - FUNCTION START: handle_missing_values with dataframe shape=(8, 6)
2025-03-26 03:27:55.539 | INFO     | __main__:handle_missing_values:126 - Missing values by column before handling:
productid      0
productname    0
category       0
unitprice      0
yearadded      0
supplier       0
dtype: int64
2025-03-26 03:27:55.539 | INFO     | __main__:handle_missing_values:140 - Missing values by column after handling:
productid      0
productname    0
category       0
unitprice      0
yearadded      0
supplier       0
dtype: int64
2025-03-26 03:27:55.539 | INFO     | __main__:handle_missing_values:141 - 8 records remaining after handling missing values.
2025-03-26 03:27:55.539 | INFO     | __main__:standardize_formats:188 - FUNCTION START: standardize_formats with dataframe shape=(8, 6)
2025-03-26 03:27:55.539 | INFO     | __main__:standardize_formats:198 - Completed standardizing formats
2025-03-26 03:27:55.539 | INFO     | __main__:remove_outliers:155 - FUNCTION START: remove_outliers with dataframe shape=(8, 6)
2025-03-26 03:27:55.539 | INFO     | __main__:remove_outliers:174 - Removed 0 outlier rows
2025-03-26 03:27:55.539 | INFO     | __main__:remove_outliers:175 - 8 records remaining after removing outliers.
2025-03-26 03:27:55.539 | INFO     | __main__:validate_data:211 - FUNCTION START: validate_data with dataframe shape=(8, 6)
2025-03-26 03:27:55.539 | INFO     | __main__:validate_data:220 - Data validation complete
2025-03-26 03:27:55.540 | INFO     | __main__:save_prepared_data:81 - FUNCTION START: save_prepared_data with file_name=products_data_prepared.csv, dataframe shape=(8, 6)
2025-03-26 03:27:55.541 | INFO     | __main__:save_prepared_data:84 - Data saved to /Users/fikayooladipo/Projects/smart-store-ioo/data/prepared/products_data_prepared.csv
2025-03-26 03:27:55.541 | INFO     | __main__:main:264 - ==================================
2025-03-26 03:27:55.541 | INFO     | __main__:main:265 - FINISHED prepare_products_data.py
2025-03-26 03:27:55.541 | INFO     | __main__:main:266 - ==================================
2025-03-26 03:29:25.032 | INFO     | __main__:main:162 - ==================================
2025-03-26 03:29:25.033 | INFO     | __main__:main:163 - STARTING prepare_customers_data.py
2025-03-26 03:29:25.033 | INFO     | __main__:main:164 - ==================================
2025-03-26 03:29:25.033 | INFO     | __main__:main:166 - Root project folder: /Users/fikayooladipo/Projects/smart-store-ioo
2025-03-26 03:29:25.033 | INFO     | __main__:main:167 - data / raw folder: /Users/fikayooladipo/Projects/smart-store-ioo/data/raw
2025-03-26 03:29:25.033 | INFO     | __main__:main:168 - data / prepared folder: /Users/fikayooladipo/Projects/smart-store-ioo/data/prepared
2025-03-26 03:29:25.033 | INFO     | __main__:main:169 - scripts folder: /Users/fikayooladipo/Projects/smart-store-ioo/scripts
2025-03-26 03:29:25.033 | INFO     | __main__:read_raw_data:66 - FUNCTION START: read_raw_data with file_name=customers_data.csv
2025-03-26 03:29:25.033 | INFO     | __main__:read_raw_data:68 - Reading data from /Users/fikayooladipo/Projects/smart-store-ioo/data/raw/customers_data.csv
2025-03-26 03:29:25.039 | INFO     | __main__:read_raw_data:70 - Loaded dataframe with 11 rows and 6 columns
2025-03-26 03:29:25.039 | INFO     | __main__:main:178 - Initial dataframe columns: CustomerID, Name, Region, JoinDate, LoyaltyPoints, PreferredContactMethod
2025-03-26 03:29:25.039 | INFO     | __main__:main:179 - Initial dataframe shape: (11, 6)
2025-03-26 03:29:25.040 | INFO     | __main__:remove_duplicates:98 - FUNCTION START: remove_duplicates with dataframe shape=(11, 6)
2025-03-26 03:29:25.045 | INFO     | __main__:remove_duplicates:102 - Removed 0 duplicate rows
2025-03-26 03:29:25.045 | INFO     | __main__:remove_duplicates:103 - 11 records remaining after removing duplicates.
2025-03-26 03:29:25.045 | INFO     | __main__:handle_missing_values:117 - FUNCTION START: handle_missing_values with dataframe shape=(11, 6)
2025-03-26 03:29:25.045 | INFO     | __main__:handle_missing_values:121 - Total missing values before handling: 0
2025-03-26 03:29:25.046 | INFO     | __main__:handle_missing_values:130 - Total missing values after handling: 0
2025-03-26 03:29:25.046 | INFO     | __main__:handle_missing_values:131 - 11 records remaining after handling missing values.
2025-03-26 03:29:25.046 | INFO     | __main__:remove_outliers:145 - FUNCTION START: remove_outliers with dataframe shape=(11, 6)
2025-03-26 03:29:25.046 | INFO     | __main__:remove_outliers:153 - Removed 0 outlier rows
2025-03-26 03:29:25.046 | INFO     | __main__:remove_outliers:154 - 11 records remaining after removing outliers.
2025-03-26 03:29:25.046 | INFO     | __main__:save_prepared_data:81 - FUNCTION START: save_prepared_data with file_name=customers_data_prepared.csv, dataframe shape=(11, 6)
2025-03-26 03:29:25.047 | INFO     | __main__:save_prepared_data:84 - Data saved to /Users/fikayooladipo/Projects/smart-store-ioo/data/prepared/customers_data_prepared.csv
2025-03-26 03:29:25.047 | INFO     | __main__:main:202 - ==================================
2025-03-26 03:29:25.047 | INFO     | __main__:main:203 - FINISHED prepare_customers_data.py
2025-03-26 03:29:25.048 | INFO     | __main__:main:204 - ==================================
2025-03-26 03:59:54.928 | INFO     | __main__:main:59 - ======================
2025-03-26 03:59:54.929 | INFO     | __main__:main:60 - STARTING data_prep.py
2025-03-26 03:59:54.929 | INFO     | __main__:main:61 - ======================
2025-03-26 03:59:54.929 | INFO     | __main__:main:63 - ========================
2025-03-26 03:59:54.929 | INFO     | __main__:main:64 - Starting CUSTOMERS prep
2025-03-26 03:59:54.929 | INFO     | __main__:main:65 - ========================
2025-03-26 03:59:54.959 | INFO     | __main__:save_prepared_data:55 - Data saved to /Users/fikayooladipo/Projects/smart-store-ioo/data/prepared/customers_data_prepared.csv
2025-03-26 03:59:54.959 | INFO     | __main__:main:85 - ========================
2025-03-26 03:59:54.959 | INFO     | __main__:main:86 - Starting PRODUCTS prep
2025-03-26 03:59:54.959 | INFO     | __main__:main:87 - ========================
2025-03-26 03:59:54.968 | INFO     | __main__:save_prepared_data:55 - Data saved to /Users/fikayooladipo/Projects/smart-store-ioo/data/prepared/products_data_prepared.csv
2025-03-26 03:59:54.968 | INFO     | __main__:main:103 - ========================
2025-03-26 03:59:54.968 | INFO     | __main__:main:104 - Starting SALES prep
2025-03-26 03:59:54.968 | INFO     | __main__:main:105 - ========================
2025-03-26 03:59:54.988 | INFO     | __main__:save_prepared_data:55 - Data saved to /Users/fikayooladipo/Projects/smart-store-ioo/data/prepared/sales_data_prepared.csv
2025-03-26 03:59:54.988 | INFO     | __main__:main:124 - ======================
2025-03-26 03:59:54.988 | INFO     | __main__:main:125 - FINISHED data_prep.py
2025-03-26 03:59:54.988 | INFO     | __main__:main:126 - ======================
2025-03-27 21:42:38.792 | INFO     | __main__:main:56 - ========================
2025-03-27 21:42:38.793 | INFO     | __main__:main:57 - Starting SALES prep
2025-03-27 21:42:38.793 | INFO     | __main__:main:58 - ========================
2025-03-27 21:42:38.831 | INFO     | __main__:save_prepared_data:51 - Data saved to /Users/fikayooladipo/Projects/smart-store-ioo/data/prepared/sales_data_prepared.csv
2025-03-27 21:42:38.831 | INFO     | __main__:main:77 - ======================
2025-03-27 21:42:38.831 | INFO     | __main__:main:78 - FINISHED Sales Prep
2025-03-27 21:42:38.831 | INFO     | __main__:main:79 - ======================
2025-03-27 22:19:45.890 | INFO     | __main__:main:48 - Starting data preparation script
2025-03-27 22:19:45.890 | INFO     | __main__:read_raw_data:19 - Reading data from /Users/fikayooladipo/Projects/smart-store-ioo/data/raw/customers_data.csv
2025-03-27 22:19:45.897 | INFO     | __main__:remove_customer_id:33 - Removing CustomerID 1011
2025-03-27 22:19:45.899 | INFO     | __main__:remove_outliers:38 - Removing outliers from 'LoyaltyPoints' using IQR
2025-03-27 22:19:45.901 | INFO     | __main__:save_prepared_data:24 - Saving cleaned data to /Users/fikayooladipo/Projects/smart-store-ioo/data/prepared/customers_data_prepared.csv
2025-03-27 22:19:45.903 | INFO     | __main__:main:57 - Data preparation complete.
2025-03-27 22:19:45.903 | INFO     | __main__:main:66 - ==================================
2025-03-27 22:19:45.903 | INFO     | __main__:main:67 - STARTING prepare_customers_data.py
2025-03-27 22:19:45.903 | INFO     | __main__:main:68 - ==================================
2025-03-27 22:19:45.903 | INFO     | __main__:main:70 - Root project folder: /Users/fikayooladipo/Projects/smart-store-ioo
2025-03-27 22:19:45.904 | INFO     | __main__:main:71 - data / raw folder: /Users/fikayooladipo/Projects/smart-store-ioo/data/raw
2025-03-27 22:19:45.904 | INFO     | __main__:main:72 - data / prepared folder: /Users/fikayooladipo/Projects/smart-store-ioo/data/prepared
2025-03-27 22:19:45.904 | INFO     | __main__:main:73 - scripts folder: /Users/fikayooladipo/Projects/smart-store-ioo/scripts
2025-03-27 22:19:45.904 | INFO     | __main__:read_raw_data:19 - Reading data from /Users/fikayooladipo/Projects/smart-store-ioo/data/raw/customers_data.csv
2025-03-27 22:19:45.905 | INFO     | __main__:main:82 - Initial dataframe columns: CustomerID, Name, Region, JoinDate, LoyaltyPoints, PreferredContactMethod
2025-03-27 22:19:45.905 | INFO     | __main__:main:83 - Initial dataframe shape: (11, 6)
2025-03-27 22:19:45.905 | INFO     | __main__:remove_duplicates:28 - Removing duplicates based on 'Name'
2025-03-27 22:20:35.975 | INFO     | __main__:main:48 - Starting data preparation script
2025-03-27 22:20:35.975 | INFO     | __main__:read_raw_data:19 - Reading data from /Users/fikayooladipo/Projects/smart-store-ioo/data/raw/customers_data.csv
2025-03-27 22:20:35.981 | INFO     | __main__:remove_customer_id:33 - Removing CustomerID 1011
2025-03-27 22:20:35.984 | INFO     | __main__:remove_outliers:38 - Removing outliers from 'LoyaltyPoints' using IQR
2025-03-27 22:20:35.987 | INFO     | __main__:save_prepared_data:24 - Saving cleaned data to /Users/fikayooladipo/Projects/smart-store-ioo/data/prepared/customers_data_prepared.csv
2025-03-27 22:20:35.989 | INFO     | __main__:main:57 - Data preparation complete.
2025-03-27 22:34:53.050 | INFO     | __main__:main:41 - ========================
2025-03-27 22:34:53.051 | INFO     | __main__:main:42 - Starting SALES prep
2025-03-27 22:34:53.051 | INFO     | __main__:main:43 - ========================
2025-03-27 22:34:53.136 | INFO     | __main__:save_prepared_data:36 - Data saved to /Users/fikayooladipo/Projects/smart-store-ioo/data/prepared/sales_data_prepared.csv
2025-03-27 22:34:53.136 | INFO     | __main__:main:64 - ======================
2025-03-27 22:34:53.136 | INFO     | __main__:main:65 - FINISHED Sales Prep
2025-03-27 22:34:53.136 | INFO     | __main__:main:66 - ======================
2025-03-27 22:54:30.451 | INFO     | __main__:main:244 - ==================================
2025-03-27 22:54:30.451 | INFO     | __main__:main:245 - STARTING prepare_products_data.py
2025-03-27 22:54:30.451 | INFO     | __main__:main:246 - ==================================
2025-03-27 22:54:30.451 | INFO     | __main__:main:248 - Root project folder: /Users/fikayooladipo/Projects/smart-store-ioo
2025-03-27 22:54:30.451 | INFO     | __main__:main:249 - data / raw folder: /Users/fikayooladipo/Projects/smart-store-ioo/data/raw
2025-03-27 22:54:30.452 | INFO     | __main__:main:250 - data / prepared folder: /Users/fikayooladipo/Projects/smart-store-ioo/data/prepared
2025-03-27 22:54:30.452 | INFO     | __main__:read_raw_data:59 - FUNCTION START: read_raw_data with file_name=products_data.csv
2025-03-27 22:54:30.452 | INFO     | __main__:read_raw_data:61 - Reading data from /Users/fikayooladipo/Projects/smart-store-ioo/data/raw/products_data.csv
2025-03-27 22:54:30.456 | INFO     | __main__:read_raw_data:63 - Loaded dataframe with 8 rows and 6 columns
2025-03-27 22:54:30.456 | INFO     | __main__:main:259 - Initial dataframe columns: ProductID, ProductName, Category, UnitPrice, YearAdded, Supplier
2025-03-27 22:54:30.456 | INFO     | __main__:main:260 - Initial dataframe shape: (8, 6)
2025-03-27 22:54:30.456 | INFO     | __main__:main:269 - Cleaned column names: ProductID -> productid, ProductName -> productname, Category -> category, UnitPrice -> unitprice, YearAdded -> yearadded, Supplier -> supplier
2025-03-27 22:54:30.457 | INFO     | __main__:remove_duplicates:96 - FUNCTION START: remove_duplicates with dataframe shape=(8, 6)
2025-03-27 22:54:30.460 | INFO     | __main__:remove_duplicates:106 - Removed 0 duplicate rows
2025-03-27 22:54:30.460 | INFO     | __main__:remove_duplicates:107 - 8 records remaining after removing duplicates.
2025-03-27 22:54:30.460 | INFO     | __main__:handle_missing_values:121 - FUNCTION START: handle_missing_values with dataframe shape=(8, 6)
2025-03-27 22:54:30.461 | INFO     | __main__:handle_missing_values:126 - Missing values by column before handling:
productid      0
productname    0
category       0
unitprice      0
yearadded      0
supplier       0
dtype: int64
2025-03-27 22:54:30.461 | INFO     | __main__:handle_missing_values:140 - Missing values by column after handling:
productid      0
productname    0
category       0
unitprice      0
yearadded      0
supplier       0
dtype: int64
2025-03-27 22:54:30.461 | INFO     | __main__:handle_missing_values:141 - 8 records remaining after handling missing values.
2025-03-27 22:54:30.461 | INFO     | __main__:standardize_formats:200 - FUNCTION START: standardize_formats with dataframe shape=(8, 6)
2025-03-27 22:54:30.462 | INFO     | __main__:standardize_formats:215 - Completed standardizing formats
2025-03-27 22:54:30.462 | INFO     | __main__:remove_outliers:155 - FUNCTION START: remove_outliers with dataframe shape=(8, 6)
2025-03-27 22:54:30.465 | INFO     | __main__:remove_outliers:183 - Applied outlier removal to YearAdded: bounds [1995, 2038.875]
2025-03-27 22:54:30.465 | INFO     | __main__:remove_outliers:186 - Removed 1 outlier rows
2025-03-27 22:54:30.465 | INFO     | __main__:remove_outliers:187 - 7 records remaining after removing outliers.
2025-03-27 22:54:30.465 | INFO     | __main__:validate_data:228 - FUNCTION START: validate_data with dataframe shape=(7, 6)
2025-03-27 22:54:30.465 | INFO     | __main__:validate_data:237 - Data validation complete
2025-03-27 22:54:30.465 | INFO     | __main__:save_prepared_data:81 - FUNCTION START: save_prepared_data with file_name=products_data_prepared.csv, dataframe shape=(7, 6)
2025-03-27 22:54:30.467 | INFO     | __main__:save_prepared_data:84 - Data saved to /Users/fikayooladipo/Projects/smart-store-ioo/data/prepared/products_data_prepared.csv
2025-03-27 22:54:30.467 | INFO     | __main__:main:281 - ==================================
2025-03-27 22:54:30.467 | INFO     | __main__:main:282 - FINISHED prepare_products_data.py
2025-03-27 22:54:30.467 | INFO     | __main__:main:283 - ==================================
2025-03-27 23:09:00.455 | INFO     | __main__:main:247 - ==================================
2025-03-27 23:09:00.456 | INFO     | __main__:main:248 - STARTING prepare_products_data.py
2025-03-27 23:09:00.456 | INFO     | __main__:main:249 - ==================================
2025-03-27 23:09:00.456 | INFO     | __main__:main:251 - Root project folder: /Users/fikayooladipo/Projects/smart-store-ioo
2025-03-27 23:09:00.456 | INFO     | __main__:main:252 - data / raw folder: /Users/fikayooladipo/Projects/smart-store-ioo/data/raw
2025-03-27 23:09:00.456 | INFO     | __main__:main:253 - data / prepared folder: /Users/fikayooladipo/Projects/smart-store-ioo/data/prepared
2025-03-27 23:09:00.456 | INFO     | __main__:read_raw_data:59 - FUNCTION START: read_raw_data with file_name=products_data.csv
2025-03-27 23:09:00.456 | INFO     | __main__:read_raw_data:61 - Reading data from /Users/fikayooladipo/Projects/smart-store-ioo/data/raw/products_data.csv
2025-03-27 23:09:00.464 | INFO     | __main__:read_raw_data:63 - Loaded dataframe with 8 rows and 6 columns
2025-03-27 23:09:00.464 | INFO     | __main__:main:262 - Initial dataframe columns: ProductID, ProductName, Category, UnitPrice, YearAdded, Supplier
2025-03-27 23:09:00.464 | INFO     | __main__:main:263 - Initial dataframe shape: (8, 6)
2025-03-27 23:09:00.465 | INFO     | __main__:main:272 - Cleaned column names: ProductID -> productid, ProductName -> productname, Category -> category, UnitPrice -> unitprice, YearAdded -> yearadded, Supplier -> supplier
2025-03-27 23:09:00.465 | INFO     | __main__:remove_duplicates:96 - FUNCTION START: remove_duplicates with dataframe shape=(8, 6)
2025-03-27 23:09:00.472 | INFO     | __main__:remove_duplicates:106 - Removed 0 duplicate rows
2025-03-27 23:09:00.472 | INFO     | __main__:remove_duplicates:107 - 8 records remaining after removing duplicates.
2025-03-27 23:09:00.472 | INFO     | __main__:handle_missing_values:121 - FUNCTION START: handle_missing_values with dataframe shape=(8, 6)
2025-03-27 23:09:00.473 | INFO     | __main__:handle_missing_values:126 - Missing values by column before handling:
productid      0
productname    0
category       0
unitprice      0
yearadded      0
supplier       0
dtype: int64
2025-03-27 23:09:00.473 | INFO     | __main__:handle_missing_values:140 - Missing values by column after handling:
productid      0
productname    0
category       0
unitprice      0
yearadded      0
supplier       0
dtype: int64
2025-03-27 23:09:00.473 | INFO     | __main__:handle_missing_values:141 - 8 records remaining after handling missing values.
2025-03-27 23:09:00.473 | INFO     | __main__:standardize_formats:203 - FUNCTION START: standardize_formats with dataframe shape=(8, 6)
2025-03-27 23:09:00.474 | INFO     | __main__:standardize_formats:218 - Completed standardizing formats
2025-03-27 23:09:00.474 | INFO     | __main__:remove_outliers:155 - FUNCTION START: remove_outliers with dataframe shape=(8, 6)
2025-03-27 23:11:11.227 | INFO     | __main__:main:241 - ==================================
2025-03-27 23:11:11.227 | INFO     | __main__:main:242 - STARTING prepare_products_data.py
2025-03-27 23:11:11.227 | INFO     | __main__:main:243 - ==================================
2025-03-27 23:11:11.227 | INFO     | __main__:main:245 - Root project folder: /Users/fikayooladipo/Projects/smart-store-ioo
2025-03-27 23:11:11.227 | INFO     | __main__:main:246 - data / raw folder: /Users/fikayooladipo/Projects/smart-store-ioo/data/raw
2025-03-27 23:11:11.228 | INFO     | __main__:main:247 - data / prepared folder: /Users/fikayooladipo/Projects/smart-store-ioo/data/prepared
2025-03-27 23:11:11.228 | INFO     | __main__:read_raw_data:59 - FUNCTION START: read_raw_data with file_name=products_data.csv
2025-03-27 23:11:11.228 | INFO     | __main__:read_raw_data:61 - Reading data from /Users/fikayooladipo/Projects/smart-store-ioo/data/raw/products_data.csv
2025-03-27 23:11:11.232 | INFO     | __main__:read_raw_data:63 - Loaded dataframe with 8 rows and 6 columns
2025-03-27 23:11:11.232 | INFO     | __main__:main:256 - Initial dataframe columns: ProductID, ProductName, Category, UnitPrice, YearAdded, Supplier
2025-03-27 23:11:11.232 | INFO     | __main__:main:257 - Initial dataframe shape: (8, 6)
2025-03-27 23:11:11.233 | INFO     | __main__:main:266 - Cleaned column names: ProductID -> productid, ProductName -> productname, Category -> category, UnitPrice -> unitprice, YearAdded -> yearadded, Supplier -> supplier
2025-03-27 23:11:11.233 | INFO     | __main__:remove_duplicates:96 - FUNCTION START: remove_duplicates with dataframe shape=(8, 6)
2025-03-27 23:11:11.238 | INFO     | __main__:remove_duplicates:106 - Removed 0 duplicate rows
2025-03-27 23:11:11.238 | INFO     | __main__:remove_duplicates:107 - 8 records remaining after removing duplicates.
2025-03-27 23:11:11.238 | INFO     | __main__:handle_missing_values:121 - FUNCTION START: handle_missing_values with dataframe shape=(8, 6)
2025-03-27 23:11:11.239 | INFO     | __main__:handle_missing_values:126 - Missing values by column before handling:
productid      0
productname    0
category       0
unitprice      0
yearadded      0
supplier       0
dtype: int64
2025-03-27 23:11:11.239 | INFO     | __main__:handle_missing_values:140 - Missing values by column after handling:
productid      0
productname    0
category       0
unitprice      0
yearadded      0
supplier       0
dtype: int64
2025-03-27 23:11:11.239 | INFO     | __main__:handle_missing_values:141 - 8 records remaining after handling missing values.
2025-03-27 23:11:11.239 | INFO     | __main__:standardize_formats:197 - FUNCTION START: standardize_formats with dataframe shape=(8, 6)
2025-03-27 23:11:11.240 | INFO     | __main__:standardize_formats:212 - Completed standardizing formats
2025-03-27 23:11:11.240 | INFO     | __main__:remove_outliers:155 - FUNCTION START: remove_outliers with dataframe shape=(8, 6)
2025-03-27 23:11:11.242 | INFO     | __main__:remove_outliers:183 - Removed 0 outlier rows
2025-03-27 23:11:11.242 | INFO     | __main__:remove_outliers:184 - 8 records remaining after removing outliers.
2025-03-27 23:11:11.242 | INFO     | __main__:validate_data:225 - FUNCTION START: validate_data with dataframe shape=(8, 6)
2025-03-27 23:11:11.242 | INFO     | __main__:validate_data:234 - Data validation complete
2025-03-27 23:11:11.242 | INFO     | __main__:save_prepared_data:81 - FUNCTION START: save_prepared_data with file_name=products_data_prepared.csv, dataframe shape=(8, 6)
2025-03-27 23:11:11.244 | INFO     | __main__:save_prepared_data:84 - Data saved to /Users/fikayooladipo/Projects/smart-store-ioo/data/prepared/products_data_prepared.csv
2025-03-27 23:11:11.244 | INFO     | __main__:main:278 - ==================================
2025-03-27 23:11:11.245 | INFO     | __main__:main:279 - FINISHED prepare_products_data.py
2025-03-27 23:11:11.245 | INFO     | __main__:main:280 - ==================================
2025-03-27 23:16:24.401 | INFO     | __main__:main:249 - ==================================
2025-03-27 23:16:24.402 | INFO     | __main__:main:250 - STARTING prepare_products_data.py
2025-03-27 23:16:24.402 | INFO     | __main__:main:251 - ==================================
2025-03-27 23:16:24.402 | INFO     | __main__:main:253 - Root project folder: /Users/fikayooladipo/Projects/smart-store-ioo
2025-03-27 23:16:24.402 | INFO     | __main__:main:254 - data / raw folder: /Users/fikayooladipo/Projects/smart-store-ioo/data/raw
2025-03-27 23:16:24.402 | INFO     | __main__:main:255 - data / prepared folder: /Users/fikayooladipo/Projects/smart-store-ioo/data/prepared
2025-03-27 23:16:24.402 | INFO     | __main__:read_raw_data:59 - FUNCTION START: read_raw_data with file_name=products_data.csv
2025-03-27 23:16:24.402 | INFO     | __main__:read_raw_data:61 - Reading data from /Users/fikayooladipo/Projects/smart-store-ioo/data/raw/products_data.csv
2025-03-27 23:16:24.408 | INFO     | __main__:read_raw_data:63 - Loaded dataframe with 8 rows and 6 columns
2025-03-27 23:16:24.408 | INFO     | __main__:main:264 - Initial dataframe columns: ProductID, ProductName, Category, UnitPrice, YearAdded, Supplier
2025-03-27 23:16:24.408 | INFO     | __main__:main:265 - Initial dataframe shape: (8, 6)
2025-03-27 23:16:24.409 | INFO     | __main__:main:274 - Cleaned column names: ProductID -> productid, ProductName -> productname, Category -> category, UnitPrice -> unitprice, YearAdded -> yearadded, Supplier -> supplier
2025-03-27 23:16:24.409 | INFO     | __main__:remove_duplicates:96 - FUNCTION START: remove_duplicates with dataframe shape=(8, 6)
2025-03-27 23:16:24.414 | INFO     | __main__:remove_duplicates:106 - Removed 0 duplicate rows
2025-03-27 23:16:24.414 | INFO     | __main__:remove_duplicates:107 - 8 records remaining after removing duplicates.
2025-03-27 23:16:24.414 | INFO     | __main__:handle_missing_values:121 - FUNCTION START: handle_missing_values with dataframe shape=(8, 6)
2025-03-27 23:16:24.415 | INFO     | __main__:handle_missing_values:126 - Missing values by column before handling:
productid      0
productname    0
category       0
unitprice      0
yearadded      0
supplier       0
dtype: int64
2025-03-27 23:16:24.416 | INFO     | __main__:handle_missing_values:140 - Missing values by column after handling:
productid      0
productname    0
category       0
unitprice      0
yearadded      0
supplier       0
dtype: int64
2025-03-27 23:16:24.416 | INFO     | __main__:handle_missing_values:141 - 8 records remaining after handling missing values.
2025-03-27 23:16:24.416 | INFO     | __main__:standardize_formats:205 - FUNCTION START: standardize_formats with dataframe shape=(8, 6)
2025-03-27 23:16:24.417 | INFO     | __main__:standardize_formats:220 - Completed standardizing formats
2025-03-27 23:16:24.417 | INFO     | __main__:remove_outliers:155 - FUNCTION START: remove_outliers with dataframe shape=(8, 6)
2025-03-27 23:16:56.625 | INFO     | __main__:main:246 - ==================================
2025-03-27 23:16:56.625 | INFO     | __main__:main:247 - STARTING prepare_products_data.py
2025-03-27 23:16:56.625 | INFO     | __main__:main:248 - ==================================
2025-03-27 23:16:56.625 | INFO     | __main__:main:250 - Root project folder: /Users/fikayooladipo/Projects/smart-store-ioo
2025-03-27 23:16:56.625 | INFO     | __main__:main:251 - data / raw folder: /Users/fikayooladipo/Projects/smart-store-ioo/data/raw
2025-03-27 23:16:56.625 | INFO     | __main__:main:252 - data / prepared folder: /Users/fikayooladipo/Projects/smart-store-ioo/data/prepared
2025-03-27 23:16:56.625 | INFO     | __main__:read_raw_data:59 - FUNCTION START: read_raw_data with file_name=products_data.csv
2025-03-27 23:16:56.625 | INFO     | __main__:read_raw_data:61 - Reading data from /Users/fikayooladipo/Projects/smart-store-ioo/data/raw/products_data.csv
2025-03-27 23:16:56.630 | INFO     | __main__:read_raw_data:63 - Loaded dataframe with 8 rows and 6 columns
2025-03-27 23:16:56.630 | INFO     | __main__:main:261 - Initial dataframe columns: ProductID, ProductName, Category, UnitPrice, YearAdded, Supplier
2025-03-27 23:16:56.630 | INFO     | __main__:main:262 - Initial dataframe shape: (8, 6)
2025-03-27 23:16:56.631 | INFO     | __main__:main:271 - Cleaned column names: ProductID -> productid, ProductName -> productname, Category -> category, UnitPrice -> unitprice, YearAdded -> yearadded, Supplier -> supplier
2025-03-27 23:16:56.631 | INFO     | __main__:remove_duplicates:96 - FUNCTION START: remove_duplicates with dataframe shape=(8, 6)
2025-03-27 23:16:56.636 | INFO     | __main__:remove_duplicates:106 - Removed 0 duplicate rows
2025-03-27 23:16:56.636 | INFO     | __main__:remove_duplicates:107 - 8 records remaining after removing duplicates.
2025-03-27 23:16:56.636 | INFO     | __main__:handle_missing_values:121 - FUNCTION START: handle_missing_values with dataframe shape=(8, 6)
2025-03-27 23:16:56.637 | INFO     | __main__:handle_missing_values:126 - Missing values by column before handling:
productid      0
productname    0
category       0
unitprice      0
yearadded      0
supplier       0
dtype: int64
2025-03-27 23:16:56.637 | INFO     | __main__:handle_missing_values:140 - Missing values by column after handling:
productid      0
productname    0
category       0
unitprice      0
yearadded      0
supplier       0
dtype: int64
2025-03-27 23:16:56.637 | INFO     | __main__:handle_missing_values:141 - 8 records remaining after handling missing values.
2025-03-27 23:16:56.638 | INFO     | __main__:standardize_formats:202 - FUNCTION START: standardize_formats with dataframe shape=(8, 6)
2025-03-27 23:16:56.638 | INFO     | __main__:standardize_formats:217 - Completed standardizing formats
2025-03-27 23:16:56.638 | INFO     | __main__:remove_outliers:155 - FUNCTION START: remove_outliers with dataframe shape=(8, 6)
2025-03-27 23:16:56.640 | INFO     | __main__:remove_outliers:184 - Applied outlier handling to YearAdded: bounds [1995, 2038.875]
2025-03-27 23:16:56.640 | INFO     | __main__:remove_outliers:188 - Removed 0 outlier rows
2025-03-27 23:16:56.640 | INFO     | __main__:remove_outliers:189 - 8 records remaining after removing outliers.
2025-03-27 23:16:56.640 | INFO     | __main__:validate_data:230 - FUNCTION START: validate_data with dataframe shape=(8, 6)
2025-03-27 23:16:56.641 | INFO     | __main__:validate_data:239 - Data validation complete
2025-03-27 23:16:56.641 | INFO     | __main__:save_prepared_data:81 - FUNCTION START: save_prepared_data with file_name=products_data_prepared.csv, dataframe shape=(8, 6)
2025-03-27 23:16:56.642 | INFO     | __main__:save_prepared_data:84 - Data saved to /Users/fikayooladipo/Projects/smart-store-ioo/data/prepared/products_data_prepared.csv
2025-03-27 23:16:56.642 | INFO     | __main__:main:283 - ==================================
2025-03-27 23:16:56.643 | INFO     | __main__:main:284 - FINISHED prepare_products_data.py
2025-03-27 23:16:56.643 | INFO     | __main__:main:285 - ==================================
2025-03-27 23:20:05.691 | INFO     | __main__:main:242 - ==================================
2025-03-27 23:20:05.691 | INFO     | __main__:main:243 - STARTING prepare_products_data.py
2025-03-27 23:20:05.691 | INFO     | __main__:main:244 - ==================================
2025-03-27 23:20:05.691 | INFO     | __main__:main:246 - Root project folder: /Users/fikayooladipo/Projects/smart-store-ioo
2025-03-27 23:20:05.692 | INFO     | __main__:main:247 - data / raw folder: /Users/fikayooladipo/Projects/smart-store-ioo/data/raw
2025-03-27 23:20:05.692 | INFO     | __main__:main:248 - data / prepared folder: /Users/fikayooladipo/Projects/smart-store-ioo/data/prepared
2025-03-27 23:20:05.692 | INFO     | __main__:read_raw_data:59 - FUNCTION START: read_raw_data with file_name=products_data.csv
2025-03-27 23:20:05.692 | INFO     | __main__:read_raw_data:61 - Reading data from /Users/fikayooladipo/Projects/smart-store-ioo/data/raw/products_data.csv
2025-03-27 23:20:05.696 | INFO     | __main__:read_raw_data:63 - Loaded dataframe with 8 rows and 6 columns
2025-03-27 23:20:05.697 | INFO     | __main__:main:257 - Initial dataframe columns: ProductID, ProductName, Category, UnitPrice, YearAdded, Supplier
2025-03-27 23:20:05.697 | INFO     | __main__:main:258 - Initial dataframe shape: (8, 6)
2025-03-27 23:20:05.698 | INFO     | __main__:main:267 - Cleaned column names: ProductID -> productid, ProductName -> productname, Category -> category, UnitPrice -> unitprice, YearAdded -> yearadded, Supplier -> supplier
2025-03-27 23:20:05.698 | INFO     | __main__:remove_duplicates:96 - FUNCTION START: remove_duplicates with dataframe shape=(8, 6)
2025-03-27 23:20:05.703 | INFO     | __main__:remove_duplicates:106 - Removed 0 duplicate rows
2025-03-27 23:20:05.703 | INFO     | __main__:remove_duplicates:107 - 8 records remaining after removing duplicates.
2025-03-27 23:20:05.703 | INFO     | __main__:handle_missing_values:121 - FUNCTION START: handle_missing_values with dataframe shape=(8, 6)
2025-03-27 23:20:05.704 | INFO     | __main__:handle_missing_values:126 - Missing values by column before handling:
productid      0
productname    0
category       0
unitprice      0
yearadded      0
supplier       0
dtype: int64
2025-03-27 23:20:05.704 | INFO     | __main__:handle_missing_values:140 - Missing values by column after handling:
productid      0
productname    0
category       0
unitprice      0
yearadded      0
supplier       0
dtype: int64
2025-03-27 23:20:05.705 | INFO     | __main__:handle_missing_values:141 - 8 records remaining after handling missing values.
2025-03-27 23:20:05.705 | INFO     | __main__:standardize_formats:198 - FUNCTION START: standardize_formats with dataframe shape=(8, 6)
2025-03-27 23:20:05.706 | INFO     | __main__:standardize_formats:213 - Completed standardizing formats
2025-03-27 23:20:05.706 | INFO     | __main__:remove_outliers:155 - FUNCTION START: remove_outliers with dataframe shape=(8, 6)
2025-03-27 23:20:05.707 | INFO     | __main__:remove_outliers:184 - Removed 0 outlier rows
2025-03-27 23:20:05.707 | INFO     | __main__:remove_outliers:185 - 8 records remaining after removing outliers.
2025-03-27 23:20:05.708 | INFO     | __main__:validate_data:226 - FUNCTION START: validate_data with dataframe shape=(8, 6)
2025-03-27 23:20:05.708 | INFO     | __main__:validate_data:235 - Data validation complete
2025-03-27 23:20:05.708 | INFO     | __main__:save_prepared_data:81 - FUNCTION START: save_prepared_data with file_name=products_data_prepared.csv, dataframe shape=(8, 6)
2025-03-27 23:20:05.709 | INFO     | __main__:save_prepared_data:84 - Data saved to /Users/fikayooladipo/Projects/smart-store-ioo/data/prepared/products_data_prepared.csv
2025-03-27 23:20:05.709 | INFO     | __main__:main:279 - ==================================
2025-03-27 23:20:05.709 | INFO     | __main__:main:280 - FINISHED prepare_products_data.py
2025-03-27 23:20:05.710 | INFO     | __main__:main:281 - ==================================
2025-03-28 22:09:20.551 | INFO     | __main__:main:59 - ======================
2025-03-28 22:09:20.551 | INFO     | __main__:main:60 - STARTING data_prep.py
2025-03-28 22:09:20.551 | INFO     | __main__:main:61 - ======================
2025-03-28 22:09:20.551 | INFO     | __main__:main:63 - ========================
2025-03-28 22:09:20.551 | INFO     | __main__:main:64 - Starting CUSTOMERS prep
2025-03-28 22:09:20.551 | INFO     | __main__:main:65 - ========================
2025-03-28 22:09:20.583 | INFO     | __main__:save_prepared_data:55 - Data saved to /Users/fikayooladipo/Projects/smart-store-ioo/data/prepared/customers_data_prepared.csv
2025-03-28 22:09:20.583 | INFO     | __main__:main:85 - ========================
2025-03-28 22:09:20.583 | INFO     | __main__:main:86 - Starting PRODUCTS prep
2025-03-28 22:09:20.583 | INFO     | __main__:main:87 - ========================
2025-03-28 22:09:20.592 | INFO     | __main__:save_prepared_data:55 - Data saved to /Users/fikayooladipo/Projects/smart-store-ioo/data/prepared/products_data_prepared.csv
2025-03-28 22:09:20.592 | INFO     | __main__:main:103 - ========================
2025-03-28 22:09:20.592 | INFO     | __main__:main:104 - Starting SALES prep
2025-03-28 22:09:20.592 | INFO     | __main__:main:105 - ========================
2025-03-28 22:09:20.610 | INFO     | __main__:save_prepared_data:55 - Data saved to /Users/fikayooladipo/Projects/smart-store-ioo/data/prepared/sales_data_prepared.csv
2025-03-28 22:09:20.610 | INFO     | __main__:main:124 - ======================
2025-03-28 22:09:20.610 | INFO     | __main__:main:125 - FINISHED data_prep.py
2025-03-28 22:09:20.610 | INFO     | __main__:main:126 - ======================
2025-03-28 22:28:00.998 | INFO     | __main__:main:59 - ======================
2025-03-28 22:28:00.998 | INFO     | __main__:main:60 - STARTING data_prep.py
2025-03-28 22:28:00.998 | INFO     | __main__:main:61 - ======================
2025-03-28 22:28:00.998 | INFO     | __main__:main:63 - ========================
2025-03-28 22:28:00.998 | INFO     | __main__:main:64 - Starting CUSTOMERS prep
2025-03-28 22:28:00.998 | INFO     | __main__:main:65 - ========================
2025-03-28 22:28:01.026 | INFO     | __main__:save_prepared_data:55 - Data saved to /Users/fikayooladipo/Projects/smart-store-ioo/data/prepared/customers_data_prepared.csv
2025-03-28 22:28:01.027 | INFO     | __main__:main:85 - ========================
2025-03-28 22:28:01.027 | INFO     | __main__:main:86 - Starting PRODUCTS prep
2025-03-28 22:28:01.027 | INFO     | __main__:main:87 - ========================
2025-03-28 22:28:01.037 | INFO     | __main__:save_prepared_data:55 - Data saved to /Users/fikayooladipo/Projects/smart-store-ioo/data/prepared/products_data_prepared.csv
2025-03-28 22:28:01.037 | INFO     | __main__:main:103 - ========================
2025-03-28 22:28:01.037 | INFO     | __main__:main:104 - Starting SALES prep
2025-03-28 22:28:01.037 | INFO     | __main__:main:105 - ========================
2025-03-28 22:28:01.053 | INFO     | __main__:save_prepared_data:55 - Data saved to /Users/fikayooladipo/Projects/smart-store-ioo/data/prepared/sales_data_prepared.csv
2025-03-28 22:28:01.053 | INFO     | __main__:main:124 - ======================
2025-03-28 22:28:01.053 | INFO     | __main__:main:125 - FINISHED data_prep.py
2025-03-28 22:28:01.053 | INFO     | __main__:main:126 - ======================
2025-04-04 21:38:36.846 | INFO     | __main__:main:242 - ==================================
2025-04-04 21:38:36.846 | INFO     | __main__:main:243 - STARTING prepare_products_data.py
2025-04-04 21:38:36.846 | INFO     | __main__:main:244 - ==================================
2025-04-04 21:38:36.847 | INFO     | __main__:main:246 - Root project folder: /Users/fikayooladipo/Projects/smart-store-ioo
2025-04-04 21:38:36.847 | INFO     | __main__:main:247 - data / raw folder: /Users/fikayooladipo/Projects/smart-store-ioo/data/raw
2025-04-04 21:38:36.847 | INFO     | __main__:main:248 - data / prepared folder: /Users/fikayooladipo/Projects/smart-store-ioo/data/prepared
2025-04-04 21:38:36.847 | INFO     | __main__:read_raw_data:59 - FUNCTION START: read_raw_data with file_name=products_data.csv
2025-04-04 21:38:36.847 | INFO     | __main__:read_raw_data:61 - Reading data from /Users/fikayooladipo/Projects/smart-store-ioo/data/raw/products_data.csv
2025-04-04 21:38:36.850 | INFO     | __main__:read_raw_data:63 - Loaded dataframe with 8 rows and 6 columns
2025-04-04 21:38:36.850 | INFO     | __main__:main:257 - Initial dataframe columns: ProductID, ProductName, Category, UnitPrice, YearAdded, Supplier
2025-04-04 21:38:36.850 | INFO     | __main__:main:258 - Initial dataframe shape: (8, 6)
2025-04-04 21:38:36.850 | INFO     | __main__:main:267 - Cleaned column names: ProductID -> productid, ProductName -> productname, Category -> category, UnitPrice -> unitprice, YearAdded -> yearadded, Supplier -> supplier
2025-04-04 21:38:36.850 | INFO     | __main__:remove_duplicates:96 - FUNCTION START: remove_duplicates with dataframe shape=(8, 6)
2025-04-04 21:38:36.852 | INFO     | __main__:remove_duplicates:106 - Removed 0 duplicate rows
2025-04-04 21:38:36.852 | INFO     | __main__:remove_duplicates:107 - 8 records remaining after removing duplicates.
2025-04-04 21:38:36.852 | INFO     | __main__:handle_missing_values:121 - FUNCTION START: handle_missing_values with dataframe shape=(8, 6)
2025-04-04 21:38:36.852 | INFO     | __main__:handle_missing_values:126 - Missing values by column before handling:
productid      0
productname    0
category       0
unitprice      0
yearadded      0
supplier       0
dtype: int64
2025-04-04 21:38:36.853 | INFO     | __main__:handle_missing_values:140 - Missing values by column after handling:
productid      0
productname    0
category       0
unitprice      0
yearadded      0
supplier       0
dtype: int64
2025-04-04 21:38:36.854 | INFO     | __main__:handle_missing_values:141 - 8 records remaining after handling missing values.
2025-04-04 21:38:36.854 | INFO     | __main__:standardize_formats:198 - FUNCTION START: standardize_formats with dataframe shape=(8, 6)
2025-04-04 21:38:36.854 | INFO     | __main__:standardize_formats:213 - Completed standardizing formats
2025-04-04 21:38:36.855 | INFO     | __main__:remove_outliers:155 - FUNCTION START: remove_outliers with dataframe shape=(8, 6)
2025-04-04 21:38:36.856 | INFO     | __main__:remove_outliers:184 - Removed 0 outlier rows
2025-04-04 21:38:36.856 | INFO     | __main__:remove_outliers:185 - 8 records remaining after removing outliers.
2025-04-04 21:38:36.856 | INFO     | __main__:validate_data:226 - FUNCTION START: validate_data with dataframe shape=(8, 6)
2025-04-04 21:38:36.856 | INFO     | __main__:validate_data:235 - Data validation complete
2025-04-04 21:38:36.856 | INFO     | __main__:save_prepared_data:81 - FUNCTION START: save_prepared_data with file_name=products_data_prepared.csv, dataframe shape=(8, 6)
2025-04-04 21:38:36.858 | INFO     | __main__:save_prepared_data:84 - Data saved to /Users/fikayooladipo/Projects/smart-store-ioo/data/prepared/products_data_prepared.csv
2025-04-04 21:38:36.858 | INFO     | __main__:main:279 - ==================================
2025-04-04 21:38:36.858 | INFO     | __main__:main:280 - FINISHED prepare_products_data.py
2025-04-04 21:38:36.858 | INFO     | __main__:main:281 - ==================================
2025-04-04 21:39:29.273 | INFO     | __main__:main:41 - ========================
2025-04-04 21:39:29.274 | INFO     | __main__:main:42 - Starting SALES prep
2025-04-04 21:39:29.274 | INFO     | __main__:main:43 - ========================
2025-04-04 21:39:29.309 | INFO     | __main__:save_prepared_data:36 - Data saved to /Users/fikayooladipo/Projects/smart-store-ioo/data/prepared/sales_data_prepared.csv
2025-04-04 21:39:29.310 | INFO     | __main__:main:64 - ======================
2025-04-04 21:39:29.310 | INFO     | __main__:main:65 - FINISHED Sales Prep
2025-04-04 21:39:29.310 | INFO     | __main__:main:66 - ======================
2025-04-04 21:43:07.801 | INFO     | __main__:main:43 - Starting data warehouse creation...
2025-04-04 21:43:07.802 | INFO     | __main__:create_dw:31 - Data warehouse created successfully.
2025-04-04 21:43:07.802 | INFO     | __main__:main:45 - Data warehouse creation complete.
